=/pretest.json
{
  _: [],
  f: [
    '/home/runner/work/exp-radix-sort-iiith/exp-radix-sort-iiith/experiment/pretest.json'
  ],
  files: [
    '/home/runner/work/exp-radix-sort-iiith/exp-radix-sort-iiith/experiment/pretest.json'
  ],
  c: 'assessment',
  contentTypes: 'assessment',
  'content-types': 'assessment',
  '$0': 'validate'
}
Validated true
=/radix-sort/radix-sort-quiz.json
{
  _: [],
  f: [
    '/home/runner/work/exp-radix-sort-iiith/exp-radix-sort-iiith/experiment/radix-sort/radix-sort-quiz.json'
  ],
  files: [
    '/home/runner/work/exp-radix-sort-iiith/exp-radix-sort-iiith/experiment/radix-sort/radix-sort-quiz.json'
  ],
  c: 'assessment',
  contentTypes: 'assessment',
  'content-types': 'assessment',
  '$0': 'validate'
}
Validated true
=/analysis/analysis-quiz.json
{
  _: [],
  f: [
    '/home/runner/work/exp-radix-sort-iiith/exp-radix-sort-iiith/experiment/analysis/analysis-quiz.json'
  ],
  files: [
    '/home/runner/work/exp-radix-sort-iiith/exp-radix-sort-iiith/experiment/analysis/analysis-quiz.json'
  ],
  c: 'assessment',
  contentTypes: 'assessment',
  'content-types': 'assessment',
  '$0': 'validate'
}
Validated true
=/posttest.json
{
  _: [],
  f: [
    '/home/runner/work/exp-radix-sort-iiith/exp-radix-sort-iiith/experiment/posttest.json'
  ],
  files: [
    '/home/runner/work/exp-radix-sort-iiith/exp-radix-sort-iiith/experiment/posttest.json'
  ],
  c: 'assessment',
  contentTypes: 'assessment',
  'content-types': 'assessment',
  '$0': 'validate'
}
Validated true
