
/home/runner/work/exp-radix-sort-iiith/exp-radix-sort-iiith/experiment/radix-sort/simulation/js/radix_demo.js
    1:25  warning  'RadixSort' is not defined             no-undef
    2:1   warning  'initializeList' is not defined        no-undef
    3:1   warning  'initializeBuckets' is not defined     no-undef
   12:16  warning  'restrictToNumbers' is not defined     no-undef
   16:9   warning  'changeArray' is not defined           no-undef
   20:9   warning  'changeInterval' is not defined        no-undef
   24:9   warning  'changeInterval' is not defined        no-undef
   28:9   warning  'startSort' is not defined             no-undef
   32:9   warning  'step' is not defined                  no-undef
   36:9   warning  'reset' is not defined                 no-undef
   40:9   warning  'pause' is not defined                 no-undef
   47:5   warning  'reset' is not defined                 no-undef
   66:5   warning  'drawList' is not defined              no-undef
   72:5   warning  'drawBuckets' is not defined           no-undef
   73:5   warning  'drawLine' is not defined              no-undef
   97:10  warning  'takeAStep' is defined but never used  no-unused-vars
  101:31  warning  'getDigit' is not defined              no-undef
  130:9   warning  'bucketsToList' is not defined         no-undef
  131:9   warning  'clearBuckets' is not defined          no-undef
  134:9   warning  'bucketsToList' is not defined         no-undef
  135:9   warning  'clearBuckets' is not defined          no-undef

/home/runner/work/exp-radix-sort-iiith/exp-radix-sort-iiith/experiment/radix-sort/simulation/js/radix_exercise.js
    1:25  warning  'RadixSort' is not defined             no-undef
    2:1   warning  'initializeList' is not defined        no-undef
    3:1   warning  'initializeBuckets' is not defined     no-undef
   12:16  warning  'restrictToNumbers' is not defined     no-undef
   16:9   warning  'step' is not defined                  no-undef
   20:9   warning  'reset' is not defined                 no-undef
   27:5   warning  'reset' is not defined                 no-undef
   46:5   warning  'drawList' is not defined              no-undef
   52:5   warning  'drawBuckets' is not defined           no-undef
   53:5   warning  'drawLine' is not defined              no-undef
   81:10  warning  'takeAStep' is defined but never used  no-unused-vars
   88:31  warning  'getDigit' is not defined              no-undef
  126:9   warning  'bucketsToList' is not defined         no-undef
  127:9   warning  'clearBuckets' is not defined          no-undef
  130:9   warning  'bucketsToList' is not defined         no-undef
  131:9   warning  'clearBuckets' is not defined          no-undef

/home/runner/work/exp-radix-sort-iiith/exp-radix-sort-iiith/experiment/radix-sort/simulation/js/radix_lib.js
    1:7   warning  'RadixSort' is defined but never used          no-unused-vars
   24:2   warning  Unnecessary semicolon                          no-extra-semi
   28:5   warning  'radixArtefact' is not defined                 no-undef
   31:5   warning  'radixArtefact' is not defined                 no-undef
   32:5   warning  'radixArtefact' is not defined                 no-undef
   36:9   warning  'radixArtefact' is not defined                 no-undef
   37:23  warning  'radixArtefact' is not defined                 no-undef
   44:24  warning  'radixArtefact' is not defined                 no-undef
   53:5   warning  'draw' is not defined                          no-undef
   58:15  warning  'radixArtefact' is not defined                 no-undef
   59:16  warning  'radixArtefact' is not defined                 no-undef
   60:22  warning  'radixArtefact' is not defined                 no-undef
   61:16  warning  'radixArtefact' is not defined                 no-undef
   68:10  warning  'changeArray' is defined but never used        no-unused-vars
   69:5   warning  'radixArtefact' is not defined                 no-undef
   75:5   warning  'radixArtefact' is not defined                 no-undef
   77:25  warning  'radixArtefact' is not defined                 no-undef
   78:9   warning  'radixArtefact' is not defined                 no-undef
   83:10  warning  'initializeBuckets' is defined but never used  no-unused-vars
   85:9   warning  'radixArtefact' is not defined                 no-undef
   92:9   warning  'radixArtefact' is not defined                 no-undef
   92:43  warning  'radixArtefact' is not defined                 no-undef
  128:10  warning  'drawLine' is defined but never used           no-unused-vars
  138:10  warning  'drawList' is defined but never used           no-unused-vars
  165:10  warning  'drawBuckets' is defined but never used        no-unused-vars
  189:19  warning  'radixArtefact' is not defined                 no-undef
  202:9   warning  'takeAStep' is not defined                     no-undef
  203:9   warning  'radixArtefact' is not defined                 no-undef
  205:5   warning  'draw' is not defined                          no-undef
  209:10  warning  'bucketsToList' is defined but never used      no-unused-vars
  211:25  warning  'radixArtefact' is not defined                 no-undef
  212:29  warning  'radixArtefact' is not defined                 no-undef
  213:13  warning  'radixArtefact' is not defined                 no-undef
  213:39  warning  'radixArtefact' is not defined                 no-undef
  218:10  warning  'getDigit' is defined but never used           no-unused-vars
  226:10  warning  'changeInterval' is defined but never used     no-unused-vars
  231:30  warning  'radixArtefact' is not defined                 no-undef
  241:17  warning  'radixArtefact' is not defined                 no-undef
  242:31  warning  'radixArtefact' is not defined                 no-undef
  243:17  warning  'radixArtefact' is not defined                 no-undef
  245:21  warning  'radixArtefact' is not defined                 no-undef
  254:10  warning  'startSort' is defined but never used          no-unused-vars
  255:5   warning  'radixArtefact' is not defined                 no-undef
  256:5   warning  'radixArtefact' is not defined                 no-undef
  267:5   warning  'radixArtefact' is not defined                 no-undef
  268:19  warning  'radixArtefact' is not defined                 no-undef
  276:9   warning  'radixArtefact' is not defined                 no-undef
  282:10  warning  'reload' is defined but never used             no-unused-vars
  287:10  warning  'restrictToNumbers' is defined but never used  no-unused-vars

/home/runner/work/exp-radix-sort-iiith/exp-radix-sort-iiith/experiment/radix-sort/simulation/js/radix_practice.js
    1:25  warning  'RadixSort' is not defined             no-undef
    2:1   warning  'initializeList' is not defined        no-undef
    3:1   warning  'initializeBuckets' is not defined     no-undef
   12:16  warning  'restrictToNumbers' is not defined     no-undef
   16:9   warning  'changeArray' is not defined           no-undef
   20:16  warning  'restrictToNumbers' is not defined     no-undef
   24:9   warning  'step' is not defined                  no-undef
   28:9   warning  'reset' is not defined                 no-undef
   37:5   warning  'reset' is not defined                 no-undef
   56:5   warning  'drawList' is not defined              no-undef
   62:5   warning  'drawBuckets' is not defined           no-undef
   63:5   warning  'drawLine' is not defined              no-undef
   91:10  warning  'takeAStep' is defined but never used  no-unused-vars
   98:31  warning  'getDigit' is not defined              no-undef
  142:9   warning  'bucketsToList' is not defined         no-undef
  143:9   warning  'clearBuckets' is not defined          no-undef
  146:9   warning  'bucketsToList' is not defined         no-undef
  147:9   warning  'clearBuckets' is not defined          no-undef

/home/runner/work/exp-radix-sort-iiith/exp-radix-sort-iiith/experiment/radix-sort/simulation/js/realization.js
  1:5  warning  'realizationCatalog' is assigned a value but never used  no-unused-vars

✖ 105 problems (0 errors, 105 warnings)
  0 errors and 1 warning potentially fixable with the `--fix` option.

